============================= test session starts =============================
platform win32 -- Python 3.11.9, pytest-8.3.2, pluggy-1.6.0 -- C:\Users\Fidelis\OneDrive\Desktop\Final Year Project\backend\venv\Scripts\python.exe
cachedir: .pytest_cache
rootdir: C:\Users\Fidelis\OneDrive\Desktop\Final Year Project\backend
configfile: pytest.ini
plugins: anyio-4.13.0, cov-5.0.0, web3-6.15.1
collecting ... collected 0 items / 1 error

=================================== ERRORS ====================================
_____________________ ERROR collecting tests/test_api.py ______________________
ImportError while importing test module 'C:\Users\Fidelis\OneDrive\Desktop\Final Year Project\backend\tests\test_api.py'.
Hint: make sure your test modules/packages have valid Python names.
Traceback:
..\..\..\AppData\Local\Programs\Python\Python311\Lib\importlib\__init__.py:126: in import_module
    return _bootstrap._gcd_import(name[level:], package, level)
backend\tests\test_api.py:4: in <module>
    from backend.app import app, db
backend\app.py:19: in <module>
    from config import Config
E   ModuleNotFoundError: No module named 'config'
=========================== short test summary info ===========================
ERROR backend\tests\test_api.py
!!!!!!!!!!!!!!!!!!! Interrupted: 1 error during collection !!!!!!!!!!!!!!!!!!!!
============================== 1 error in 0.91s ===============================
